10:04:12.996 INFO - Selenium build info: version: '3.1.0', revision: '86a5d70'
10:04:13.004 INFO - Launching a standalone Selenium Server
2017-04-13 10:04:13.153:INFO::main: Logging initialized @1708ms
10:04:13.492 INFO - Driver provider org.openqa.selenium.ie.InternetExplorerDriver registration is skipped:
 registration capabilities Capabilities [{ensureCleanSession=true, browserName=internet explorer, version=, platform=WINDOWS}] does not match the current platform MAC
10:04:13.493 INFO - Driver provider org.openqa.selenium.edge.EdgeDriver registration is skipped:
 registration capabilities Capabilities [{browserName=MicrosoftEdge, version=, platform=WINDOWS}] does not match the current platform MAC
10:04:13.494 INFO - Driver class not found: com.opera.core.systems.OperaDriver
10:04:13.494 INFO - Driver provider com.opera.core.systems.OperaDriver registration is skipped:
Unable to create new instances on this machine.
10:04:13.494 INFO - Driver class not found: com.opera.core.systems.OperaDriver
10:04:13.495 INFO - Driver provider com.opera.core.systems.OperaDriver is not registered
2017-04-13 10:04:13.760:INFO:osjs.Server:main: jetty-9.2.15.v20160210
2017-04-13 10:04:13.867:INFO:osjsh.ContextHandler:main: Started o.s.j.s.ServletContextHandler@51081592{/,null,AVAILABLE}
2017-04-13 10:04:14.094:INFO:osjs.ServerConnector:main: Started ServerConnector@cc285f4{HTTP/1.1}{0.0.0.0:4444}
2017-04-13 10:04:14.094:INFO:osjs.Server:main: Started @2650ms
10:04:14.095 INFO - Selenium Server is up and running
10:04:35.693 INFO - SessionCleaner initialized with insideBrowserTimeout 0 and clientGoneTimeout 1800000 polling every 180000
10:04:35.834 INFO - Executing: [new session: Capabilities [{acceptSslCerts=true, browserName=chrome, javascriptEnabled=true, platform=ANY}]])
10:04:35.934 INFO - Creating a new session for Capabilities [{acceptSslCerts=true, browserName=chrome, javascriptEnabled=true, platform=ANY}]
Starting ChromeDriver 2.27.440174 (e97a722caafc2d3a8b807ee115bfb307f7d2cfd9) on port 28182
Only local connections are allowed.
10:04:39.112 INFO - Detected dialect: OSS
10:04:39.162 INFO - Done: [new session: Capabilities [{acceptSslCerts=true, browserName=chrome, javascriptEnabled=true, platform=ANY}]]
10:04:39.199 INFO - Executing: [get: http://localhost:8080/works/h415p952n])
10:04:40.329 INFO - Done: [get: http://localhost:8080/works/h415p952n]
10:04:40.413 INFO - Executing: [find elements: By.cssSelector: body])
10:04:40.535 INFO - Done: [find elements: By.cssSelector: body]
10:04:40.543 INFO - Executing: [is displayed: 0 [[ChromeDriver: chrome on MAC (dbd91c74b5c5eb14965a5afac9f21f48)] -> css selector: body]])
10:04:40.595 INFO - Done: [is displayed: 0 [[ChromeDriver: chrome on MAC (dbd91c74b5c5eb14965a5afac9f21f48)] -> css selector: body]]
10:04:40.774 INFO - Executing: [find elements: By.cssSelector: input[label="Title"]])
10:04:40.817 INFO - Done: [find elements: By.cssSelector: input[label="Title"]]
10:04:41.329 INFO - Executing: [find elements: By.cssSelector: input[label="Title"]])
10:04:41.345 INFO - Done: [find elements: By.cssSelector: input[label="Title"]]
10:04:41.859 INFO - Executing: [find elements: By.cssSelector: input[label="Title"]])
10:04:41.871 INFO - Done: [find elements: By.cssSelector: input[label="Title"]]
10:04:42.382 INFO - Executing: [find elements: By.cssSelector: input[label="Title"]])
10:04:42.392 INFO - Done: [find elements: By.cssSelector: input[label="Title"]]
10:04:42.901 INFO - Executing: [find elements: By.cssSelector: input[label="Title"]])
10:04:42.913 INFO - Done: [find elements: By.cssSelector: input[label="Title"]]
10:04:43.425 INFO - Executing: [find elements: By.cssSelector: input[label="Title"]])
10:04:43.440 INFO - Done: [find elements: By.cssSelector: input[label="Title"]]
10:04:43.447 INFO - Executing: [is displayed: 1 [[ChromeDriver: chrome on MAC (dbd91c74b5c5eb14965a5afac9f21f48)] -> css selector: input[label="Title"]]])
10:04:43.496 INFO - Done: [is displayed: 1 [[ChromeDriver: chrome on MAC (dbd91c74b5c5eb14965a5afac9f21f48)] -> css selector: input[label="Title"]]]
10:04:43.507 INFO - Executing: [find element: By.cssSelector: input[label="Title"]])
10:04:43.562 INFO - Done: [find element: By.cssSelector: input[label="Title"]]
10:04:43.569 INFO - Executing: [clear: 1 [[ChromeDriver: chrome on MAC (dbd91c74b5c5eb14965a5afac9f21f48)] -> css selector: input[label="Title"]]])
10:04:43.616 INFO - Done: [clear: 1 [[ChromeDriver: chrome on MAC (dbd91c74b5c5eb14965a5afac9f21f48)] -> css selector: input[label="Title"]]]
10:04:43.636 INFO - Executing: [find element: By.cssSelector: input[label="Title"]])
10:04:43.651 INFO - Done: [find element: By.cssSelector: input[label="Title"]]
10:04:43.662 INFO - Executing: [send keys: 1 [[ChromeDriver: chrome on MAC (dbd91c74b5c5eb14965a5afac9f21f48)] -> css selector: input[label="Title"]], [M, A, R, Q, U, I, S,  , D, E,  , L, A,  , F, A, Y, E, T, T, E]])
10:04:44.241 INFO - Done: [send keys: 1 [[ChromeDriver: chrome on MAC (dbd91c74b5c5eb14965a5afac9f21f48)] -> css selector: input[label="Title"]], [M, A, R, Q, U, I, S,  , D, E,  , L, A,  , F, A, Y, E, T, T, E]]
10:04:44.256 INFO - Executing: [take screenshot])
10:04:54.434 WARN - Exception thrown
org.openqa.selenium.WebDriverException: unknown error: cannot get automation extension
from unknown error: page could not be found: chrome-extension://aapnijgdinlhnhlmodcfapnahmbfebeb/_generated_background_page.html
  (Session info: chrome=57.0.2987.133)
  (Driver info: chromedriver=2.27.440174 (e97a722caafc2d3a8b807ee115bfb307f7d2cfd9),platform=Mac OS X 10.12.3 x86_64) (WARNING: The server did not provide any stacktrace information)
Command duration or timeout: 10.14 seconds
Build info: version: '3.1.0', revision: '86a5d70', time: '2017-02-16 07:57:44 -0800'
System info: host: 'Zuras-MacBook-Air-2.local', ip: 'fe80:0:0:0:c16:3c9d:3861:a4c9%en0', os.name: 'Mac OS X', os.arch: 'x86_64', os.version: '10.12.3', java.version: '1.8.0_65'
Driver info: org.openqa.selenium.chrome.ChromeDriver
Capabilities [{applicationCacheEnabled=false, rotatable=false, mobileEmulationEnabled=false, networkConnectionEnabled=false, chrome={chromedriverVersion=2.27.440174 (e97a722caafc2d3a8b807ee115bfb307f7d2cfd9), userDataDir=/var/folders/ll/v8ycf4xd229g9sbq_1nwk18r0000gn/T/.org.chromium.Chromium.Rz8M6x}, takesHeapSnapshot=true, pageLoadStrategy=normal, databaseEnabled=false, handlesAlerts=true, hasTouchScreen=false, version=57.0.2987.133, platform=MAC, browserConnectionEnabled=false, nativeEvents=true, acceptSslCerts=true, locationContextEnabled=true, webStorageEnabled=true, browserName=chrome, takesScreenshot=true, javascriptEnabled=true, cssSelectorsEnabled=true, unexpectedAlertBehaviour=}]
Session ID: dbd91c74b5c5eb14965a5afac9f21f48
	at sun.reflect.NativeConstructorAccessorImpl.newInstance0(Native Method)
	at sun.reflect.NativeConstructorAccessorImpl.newInstance(NativeConstructorAccessorImpl.java:62)
	at sun.reflect.DelegatingConstructorAccessorImpl.newInstance(DelegatingConstructorAccessorImpl.java:45)
	at java.lang.reflect.Constructor.newInstance(Constructor.java:422)
	at org.openqa.selenium.remote.ErrorHandler.createThrowable(ErrorHandler.java:216)
	at org.openqa.selenium.remote.ErrorHandler.throwIfResponseFailed(ErrorHandler.java:168)
	at org.openqa.selenium.remote.RemoteWebDriver.execute(RemoteWebDriver.java:635)
	at org.openqa.selenium.remote.RemoteWebDriver.execute(RemoteWebDriver.java:658)
	at org.openqa.selenium.remote.RemoteWebDriver.getScreenshotAs(RemoteWebDriver.java:340)
	at org.openqa.selenium.remote.server.handler.CaptureScreenshot.call(CaptureScreenshot.java:36)
	at org.openqa.selenium.remote.server.handler.CaptureScreenshot.call(CaptureScreenshot.java:26)
	at java.util.concurrent.FutureTask.run(FutureTask.java:266)
	at org.openqa.selenium.remote.server.DefaultSession$1.run(DefaultSession.java:176)
	at java.util.concurrent.ThreadPoolExecutor.runWorker(ThreadPoolExecutor.java:1142)
	at java.util.concurrent.ThreadPoolExecutor$Worker.run(ThreadPoolExecutor.java:617)
	at java.lang.Thread.run(Thread.java:745)
10:04:54.441 WARN - Exception: unknown error: cannot get automation extension
from unknown error: page could not be found: chrome-extension://aapnijgdinlhnhlmodcfapnahmbfebeb/_generated_background_page.html
  (Session info: chrome=57.0.2987.133)
  (Driver info: chromedriver=2.27.440174 (e97a722caafc2d3a8b807ee115bfb307f7d2cfd9),platform=Mac OS X 10.12.3 x86_64) (WARNING: The server did not provide any stacktrace information)
Command duration or timeout: 10.14 seconds
Build info: version: '3.1.0', revision: '86a5d70', time: '2017-02-16 07:57:44 -0800'
System info: host: 'Zuras-MacBook-Air-2.local', ip: 'fe80:0:0:0:c16:3c9d:3861:a4c9%en0', os.name: 'Mac OS X', os.arch: 'x86_64', os.version: '10.12.3', java.version: '1.8.0_65'
Driver info: org.openqa.selenium.chrome.ChromeDriver
Capabilities [{applicationCacheEnabled=false, rotatable=false, mobileEmulationEnabled=false, networkConnectionEnabled=false, chrome={chromedriverVersion=2.27.440174 (e97a722caafc2d3a8b807ee115bfb307f7d2cfd9), userDataDir=/var/folders/ll/v8ycf4xd229g9sbq_1nwk18r0000gn/T/.org.chromium.Chromium.Rz8M6x}, takesHeapSnapshot=true, pageLoadStrategy=normal, databaseEnabled=false, handlesAlerts=true, hasTouchScreen=false, version=57.0.2987.133, platform=MAC, browserConnectionEnabled=false, nativeEvents=true, acceptSslCerts=true, locationContextEnabled=true, webStorageEnabled=true, browserName=chrome, takesScreenshot=true, javascriptEnabled=true, cssSelectorsEnabled=true, unexpectedAlertBehaviour=}]
Session ID: dbd91c74b5c5eb14965a5afac9f21f48
10:04:54.521 INFO - Executing: [find elements: By.cssSelector: input[type="date"]])
10:04:54.559 INFO - Done: [find elements: By.cssSelector: input[type="date"]]
10:04:54.566 INFO - Executing: [is displayed: 2 [[ChromeDriver: chrome on MAC (dbd91c74b5c5eb14965a5afac9f21f48)] -> css selector: input[type="date"]]])
10:04:54.602 INFO - Done: [is displayed: 2 [[ChromeDriver: chrome on MAC (dbd91c74b5c5eb14965a5afac9f21f48)] -> css selector: input[type="date"]]]
10:04:54.608 INFO - Executing: [find element: By.cssSelector: input[type="date"]])
10:04:54.645 INFO - Done: [find element: By.cssSelector: input[type="date"]]
10:04:54.650 INFO - Executing: [clear: 2 [[ChromeDriver: chrome on MAC (dbd91c74b5c5eb14965a5afac9f21f48)] -> css selector: input[type="date"]]])
10:04:56.190 WARN - Exception thrown
org.openqa.selenium.InvalidElementStateException: invalid element state: Element must be user-editable in order to clear it.
  (Session info: chrome=57.0.2987.133)
  (Driver info: chromedriver=2.27.440174 (e97a722caafc2d3a8b807ee115bfb307f7d2cfd9),platform=Mac OS X 10.12.3 x86_64) (WARNING: The server did not provide any stacktrace information)
Command duration or timeout: 44 milliseconds
Build info: version: '3.1.0', revision: '86a5d70', time: '2017-02-16 07:57:44 -0800'
System info: host: 'Zuras-MacBook-Air-2.local', ip: 'fe80:0:0:0:c16:3c9d:3861:a4c9%en0', os.name: 'Mac OS X', os.arch: 'x86_64', os.version: '10.12.3', java.version: '1.8.0_65'
Driver info: org.openqa.selenium.chrome.ChromeDriver
Capabilities [{applicationCacheEnabled=false, rotatable=false, mobileEmulationEnabled=false, networkConnectionEnabled=false, chrome={chromedriverVersion=2.27.440174 (e97a722caafc2d3a8b807ee115bfb307f7d2cfd9), userDataDir=/var/folders/ll/v8ycf4xd229g9sbq_1nwk18r0000gn/T/.org.chromium.Chromium.Rz8M6x}, takesHeapSnapshot=true, pageLoadStrategy=normal, databaseEnabled=false, handlesAlerts=true, hasTouchScreen=false, version=57.0.2987.133, platform=MAC, browserConnectionEnabled=false, nativeEvents=true, acceptSslCerts=true, locationContextEnabled=true, webStorageEnabled=true, browserName=chrome, takesScreenshot=true, javascriptEnabled=true, cssSelectorsEnabled=true, unexpectedAlertBehaviour=}]
Session ID: dbd91c74b5c5eb14965a5afac9f21f48
	at sun.reflect.NativeConstructorAccessorImpl.newInstance0(Native Method)
	at sun.reflect.NativeConstructorAccessorImpl.newInstance(NativeConstructorAccessorImpl.java:62)
	at sun.reflect.DelegatingConstructorAccessorImpl.newInstance(DelegatingConstructorAccessorImpl.java:45)
	at java.lang.reflect.Constructor.newInstance(Constructor.java:422)
	at org.openqa.selenium.remote.ErrorHandler.createThrowable(ErrorHandler.java:216)
	at org.openqa.selenium.remote.ErrorHandler.throwIfResponseFailed(ErrorHandler.java:168)
	at org.openqa.selenium.remote.RemoteWebDriver.execute(RemoteWebDriver.java:635)
	at org.openqa.selenium.remote.RemoteWebElement.execute(RemoteWebElement.java:274)
	at org.openqa.selenium.remote.RemoteWebElement.clear(RemoteWebElement.java:116)
	at sun.reflect.NativeMethodAccessorImpl.invoke0(Native Method)
	at sun.reflect.NativeMethodAccessorImpl.invoke(NativeMethodAccessorImpl.java:62)
	at sun.reflect.DelegatingMethodAccessorImpl.invoke(DelegatingMethodAccessorImpl.java:43)
	at java.lang.reflect.Method.invoke(Method.java:497)
	at org.openqa.selenium.support.events.EventFiringWebDriver$EventFiringWebElement$1.invoke(EventFiringWebDriver.java:332)
	at com.sun.proxy.$Proxy5.clear(Unknown Source)
	at org.openqa.selenium.support.events.EventFiringWebDriver$EventFiringWebElement.clear(EventFiringWebDriver.java:361)
	at sun.reflect.NativeMethodAccessorImpl.invoke0(Native Method)
	at sun.reflect.NativeMethodAccessorImpl.invoke(NativeMethodAccessorImpl.java:62)
	at sun.reflect.DelegatingMethodAccessorImpl.invoke(DelegatingMethodAccessorImpl.java:43)
	at java.lang.reflect.Method.invoke(Method.java:497)
	at org.openqa.selenium.remote.server.KnownElements$1.invoke(KnownElements.java:64)
	at com.sun.proxy.$Proxy6.clear(Unknown Source)
	at org.openqa.selenium.remote.server.handler.ClearElement.call(ClearElement.java:30)
	at org.openqa.selenium.remote.server.handler.ClearElement.call(ClearElement.java:22)
	at java.util.concurrent.FutureTask.run(FutureTask.java:266)
	at org.openqa.selenium.remote.server.DefaultSession$1.run(DefaultSession.java:176)
	at java.util.concurrent.ThreadPoolExecutor.runWorker(ThreadPoolExecutor.java:1142)
	at java.util.concurrent.ThreadPoolExecutor$Worker.run(ThreadPoolExecutor.java:617)
	at java.lang.Thread.run(Thread.java:745)
10:04:56.191 WARN - Exception: invalid element state: Element must be user-editable in order to clear it.
  (Session info: chrome=57.0.2987.133)
  (Driver info: chromedriver=2.27.440174 (e97a722caafc2d3a8b807ee115bfb307f7d2cfd9),platform=Mac OS X 10.12.3 x86_64) (WARNING: The server did not provide any stacktrace information)
Command duration or timeout: 44 milliseconds
Build info: version: '3.1.0', revision: '86a5d70', time: '2017-02-16 07:57:44 -0800'
System info: host: 'Zuras-MacBook-Air-2.local', ip: 'fe80:0:0:0:c16:3c9d:3861:a4c9%en0', os.name: 'Mac OS X', os.arch: 'x86_64', os.version: '10.12.3', java.version: '1.8.0_65'
Driver info: org.openqa.selenium.chrome.ChromeDriver
Capabilities [{applicationCacheEnabled=false, rotatable=false, mobileEmulationEnabled=false, networkConnectionEnabled=false, chrome={chromedriverVersion=2.27.440174 (e97a722caafc2d3a8b807ee115bfb307f7d2cfd9), userDataDir=/var/folders/ll/v8ycf4xd229g9sbq_1nwk18r0000gn/T/.org.chromium.Chromium.Rz8M6x}, takesHeapSnapshot=true, pageLoadStrategy=normal, databaseEnabled=false, handlesAlerts=true, hasTouchScreen=false, version=57.0.2987.133, platform=MAC, browserConnectionEnabled=false, nativeEvents=true, acceptSslCerts=true, locationContextEnabled=true, webStorageEnabled=true, browserName=chrome, takesScreenshot=true, javascriptEnabled=true, cssSelectorsEnabled=true, unexpectedAlertBehaviour=}]
Session ID: dbd91c74b5c5eb14965a5afac9f21f48
10:04:56.557 INFO - Executing: [find element: By.cssSelector: input[type="date"]])
10:04:56.571 INFO - Done: [find element: By.cssSelector: input[type="date"]]
10:04:56.578 INFO - Executing: [send keys: 2 [[ChromeDriver: chrome on MAC (dbd91c74b5c5eb14965a5afac9f21f48)] -> css selector: input[type="date"]], [1, 7, 5, 8, -, 0, 2, -, 0, 3]])
10:04:56.816 INFO - Done: [send keys: 2 [[ChromeDriver: chrome on MAC (dbd91c74b5c5eb14965a5afac9f21f48)] -> css selector: input[type="date"]], [1, 7, 5, 8, -, 0, 2, -, 0, 3]]
10:04:56.826 INFO - Executing: [take screenshot])
10:05:06.862 WARN - Exception thrown
org.openqa.selenium.WebDriverException: unknown error: cannot get automation extension
from unknown error: page could not be found: chrome-extension://aapnijgdinlhnhlmodcfapnahmbfebeb/_generated_background_page.html
  (Session info: chrome=57.0.2987.133)
  (Driver info: chromedriver=2.27.440174 (e97a722caafc2d3a8b807ee115bfb307f7d2cfd9),platform=Mac OS X 10.12.3 x86_64) (WARNING: The server did not provide any stacktrace information)
Command duration or timeout: 10.04 seconds
Build info: version: '3.1.0', revision: '86a5d70', time: '2017-02-16 07:57:44 -0800'
System info: host: 'Zuras-MacBook-Air-2.local', ip: 'fe80:0:0:0:c16:3c9d:3861:a4c9%en0', os.name: 'Mac OS X', os.arch: 'x86_64', os.version: '10.12.3', java.version: '1.8.0_65'
Driver info: org.openqa.selenium.chrome.ChromeDriver
Capabilities [{applicationCacheEnabled=false, rotatable=false, mobileEmulationEnabled=false, networkConnectionEnabled=false, chrome={chromedriverVersion=2.27.440174 (e97a722caafc2d3a8b807ee115bfb307f7d2cfd9), userDataDir=/var/folders/ll/v8ycf4xd229g9sbq_1nwk18r0000gn/T/.org.chromium.Chromium.Rz8M6x}, takesHeapSnapshot=true, pageLoadStrategy=normal, databaseEnabled=false, handlesAlerts=true, hasTouchScreen=false, version=57.0.2987.133, platform=MAC, browserConnectionEnabled=false, nativeEvents=true, acceptSslCerts=true, locationContextEnabled=true, webStorageEnabled=true, browserName=chrome, takesScreenshot=true, javascriptEnabled=true, cssSelectorsEnabled=true, unexpectedAlertBehaviour=}]
Session ID: dbd91c74b5c5eb14965a5afac9f21f48
	at sun.reflect.NativeConstructorAccessorImpl.newInstance0(Native Method)
	at sun.reflect.NativeConstructorAccessorImpl.newInstance(NativeConstructorAccessorImpl.java:62)
	at sun.reflect.DelegatingConstructorAccessorImpl.newInstance(DelegatingConstructorAccessorImpl.java:45)
	at java.lang.reflect.Constructor.newInstance(Constructor.java:422)
	at org.openqa.selenium.remote.ErrorHandler.createThrowable(ErrorHandler.java:216)
	at org.openqa.selenium.remote.ErrorHandler.throwIfResponseFailed(ErrorHandler.java:168)
	at org.openqa.selenium.remote.RemoteWebDriver.execute(RemoteWebDriver.java:635)
	at org.openqa.selenium.remote.RemoteWebDriver.execute(RemoteWebDriver.java:658)
	at org.openqa.selenium.remote.RemoteWebDriver.getScreenshotAs(RemoteWebDriver.java:340)
	at org.openqa.selenium.remote.server.handler.CaptureScreenshot.call(CaptureScreenshot.java:36)
	at org.openqa.selenium.remote.server.handler.CaptureScreenshot.call(CaptureScreenshot.java:26)
	at java.util.concurrent.FutureTask.run(FutureTask.java:266)
	at org.openqa.selenium.remote.server.DefaultSession$1.run(DefaultSession.java:176)
	at java.util.concurrent.ThreadPoolExecutor.runWorker(ThreadPoolExecutor.java:1142)
	at java.util.concurrent.ThreadPoolExecutor$Worker.run(ThreadPoolExecutor.java:617)
	at java.lang.Thread.run(Thread.java:745)
10:05:06.863 WARN - Exception: unknown error: cannot get automation extension
from unknown error: page could not be found: chrome-extension://aapnijgdinlhnhlmodcfapnahmbfebeb/_generated_background_page.html
  (Session info: chrome=57.0.2987.133)
  (Driver info: chromedriver=2.27.440174 (e97a722caafc2d3a8b807ee115bfb307f7d2cfd9),platform=Mac OS X 10.12.3 x86_64) (WARNING: The server did not provide any stacktrace information)
Command duration or timeout: 10.04 seconds
Build info: version: '3.1.0', revision: '86a5d70', time: '2017-02-16 07:57:44 -0800'
System info: host: 'Zuras-MacBook-Air-2.local', ip: 'fe80:0:0:0:c16:3c9d:3861:a4c9%en0', os.name: 'Mac OS X', os.arch: 'x86_64', os.version: '10.12.3', java.version: '1.8.0_65'
Driver info: org.openqa.selenium.chrome.ChromeDriver
Capabilities [{applicationCacheEnabled=false, rotatable=false, mobileEmulationEnabled=false, networkConnectionEnabled=false, chrome={chromedriverVersion=2.27.440174 (e97a722caafc2d3a8b807ee115bfb307f7d2cfd9), userDataDir=/var/folders/ll/v8ycf4xd229g9sbq_1nwk18r0000gn/T/.org.chromium.Chromium.Rz8M6x}, takesHeapSnapshot=true, pageLoadStrategy=normal, databaseEnabled=false, handlesAlerts=true, hasTouchScreen=false, version=57.0.2987.133, platform=MAC, browserConnectionEnabled=false, nativeEvents=true, acceptSslCerts=true, locationContextEnabled=true, webStorageEnabled=true, browserName=chrome, takesScreenshot=true, javascriptEnabled=true, cssSelectorsEnabled=true, unexpectedAlertBehaviour=}]
Session ID: dbd91c74b5c5eb14965a5afac9f21f48
10:05:06.919 INFO - Executing: [find elements: By.cssSelector: .facet-panel[data-facet="date_artifact_lower_dtsi"]])
10:05:06.944 INFO - Done: [find elements: By.cssSelector: .facet-panel[data-facet="date_artifact_lower_dtsi"]]
10:05:07.454 INFO - Executing: [find elements: By.cssSelector: .facet-panel[data-facet="date_artifact_lower_dtsi"]])
10:05:07.465 INFO - Done: [find elements: By.cssSelector: .facet-panel[data-facet="date_artifact_lower_dtsi"]]
10:05:07.974 INFO - Executing: [find elements: By.cssSelector: .facet-panel[data-facet="date_artifact_lower_dtsi"]])
10:05:07.985 INFO - Done: [find elements: By.cssSelector: .facet-panel[data-facet="date_artifact_lower_dtsi"]]
10:05:08.491 INFO - Executing: [find elements: By.cssSelector: .facet-panel[data-facet="date_artifact_lower_dtsi"]])
10:05:08.503 INFO - Done: [find elements: By.cssSelector: .facet-panel[data-facet="date_artifact_lower_dtsi"]]
10:05:09.009 INFO - Executing: [find elements: By.cssSelector: .facet-panel[data-facet="date_artifact_lower_dtsi"]])
10:05:09.020 INFO - Done: [find elements: By.cssSelector: .facet-panel[data-facet="date_artifact_lower_dtsi"]]
10:05:09.531 INFO - Executing: [find elements: By.cssSelector: .facet-panel[data-facet="date_artifact_lower_dtsi"]])
10:05:09.543 INFO - Done: [find elements: By.cssSelector: .facet-panel[data-facet="date_artifact_lower_dtsi"]]
10:05:10.052 INFO - Executing: [find elements: By.cssSelector: .facet-panel[data-facet="date_artifact_lower_dtsi"]])
10:05:10.062 INFO - Done: [find elements: By.cssSelector: .facet-panel[data-facet="date_artifact_lower_dtsi"]]
10:05:10.070 INFO - Executing: [find element: By.cssSelector: .facet-panel[data-facet="date_artifact_lower_dtsi"] header])
10:05:10.433 WARN - Exception thrown
org.openqa.selenium.NoSuchElementException: no such element: Unable to locate element: {"method":"css selector","selector":".facet-panel[data-facet="date_artifact_lower_dtsi"] header"}
  (Session info: chrome=57.0.2987.133)
  (Driver info: chromedriver=2.27.440174 (e97a722caafc2d3a8b807ee115bfb307f7d2cfd9),platform=Mac OS X 10.12.3 x86_64) (WARNING: The server did not provide any stacktrace information)
Command duration or timeout: 25 milliseconds
For documentation on this error, please visit: http://seleniumhq.org/exceptions/no_such_element.html
Build info: version: '3.1.0', revision: '86a5d70', time: '2017-02-16 07:57:44 -0800'
System info: host: 'Zuras-MacBook-Air-2.local', ip: 'fe80:0:0:0:c16:3c9d:3861:a4c9%en0', os.name: 'Mac OS X', os.arch: 'x86_64', os.version: '10.12.3', java.version: '1.8.0_65'
Driver info: org.openqa.selenium.chrome.ChromeDriver
Capabilities [{applicationCacheEnabled=false, rotatable=false, mobileEmulationEnabled=false, networkConnectionEnabled=false, chrome={chromedriverVersion=2.27.440174 (e97a722caafc2d3a8b807ee115bfb307f7d2cfd9), userDataDir=/var/folders/ll/v8ycf4xd229g9sbq_1nwk18r0000gn/T/.org.chromium.Chromium.Rz8M6x}, takesHeapSnapshot=true, pageLoadStrategy=normal, databaseEnabled=false, handlesAlerts=true, hasTouchScreen=false, version=57.0.2987.133, platform=MAC, browserConnectionEnabled=false, nativeEvents=true, acceptSslCerts=true, locationContextEnabled=true, webStorageEnabled=true, browserName=chrome, takesScreenshot=true, javascriptEnabled=true, cssSelectorsEnabled=true, unexpectedAlertBehaviour=}]
Session ID: dbd91c74b5c5eb14965a5afac9f21f48
*** Element info: {Using=css selector, value=.facet-panel[data-facet="date_artifact_lower_dtsi"] header}
	at sun.reflect.NativeConstructorAccessorImpl.newInstance0(Native Method)
	at sun.reflect.NativeConstructorAccessorImpl.newInstance(NativeConstructorAccessorImpl.java:62)
	at sun.reflect.DelegatingConstructorAccessorImpl.newInstance(DelegatingConstructorAccessorImpl.java:45)
	at java.lang.reflect.Constructor.newInstance(Constructor.java:422)
	at org.openqa.selenium.remote.ErrorHandler.createThrowable(ErrorHandler.java:216)
	at org.openqa.selenium.remote.ErrorHandler.throwIfResponseFailed(ErrorHandler.java:168)
	at org.openqa.selenium.remote.RemoteWebDriver.execute(RemoteWebDriver.java:635)
	at org.openqa.selenium.remote.RemoteWebDriver.findElement(RemoteWebDriver.java:368)
	at org.openqa.selenium.remote.RemoteWebDriver.findElementByCssSelector(RemoteWebDriver.java:465)
	at org.openqa.selenium.By$ByCssSelector.findElement(By.java:430)
	at org.openqa.selenium.remote.RemoteWebDriver.findElement(RemoteWebDriver.java:360)
	at sun.reflect.NativeMethodAccessorImpl.invoke0(Native Method)
	at sun.reflect.NativeMethodAccessorImpl.invoke(NativeMethodAccessorImpl.java:62)
	at sun.reflect.DelegatingMethodAccessorImpl.invoke(DelegatingMethodAccessorImpl.java:43)
	at java.lang.reflect.Method.invoke(Method.java:497)
	at org.openqa.selenium.support.events.EventFiringWebDriver$2.invoke(EventFiringWebDriver.java:104)
	at com.sun.proxy.$Proxy4.findElement(Unknown Source)
	at org.openqa.selenium.support.events.EventFiringWebDriver.findElement(EventFiringWebDriver.java:188)
	at org.openqa.selenium.remote.server.handler.FindElement.call(FindElement.java:48)
	at org.openqa.selenium.remote.server.handler.FindElement.call(FindElement.java:33)
	at java.util.concurrent.FutureTask.run(FutureTask.java:266)
	at org.openqa.selenium.remote.server.DefaultSession$1.run(DefaultSession.java:176)
	at java.util.concurrent.ThreadPoolExecutor.runWorker(ThreadPoolExecutor.java:1142)
	at java.util.concurrent.ThreadPoolExecutor$Worker.run(ThreadPoolExecutor.java:617)
	at java.lang.Thread.run(Thread.java:745)
10:05:10.434 WARN - Exception: no such element: Unable to locate element: {"method":"css selector","selector":".facet-panel[data-facet="date_artifact_lower_dtsi"] header"}
  (Session info: chrome=57.0.2987.133)
  (Driver info: chromedriver=2.27.440174 (e97a722caafc2d3a8b807ee115bfb307f7d2cfd9),platform=Mac OS X 10.12.3 x86_64) (WARNING: The server did not provide any stacktrace information)
Command duration or timeout: 25 milliseconds
For documentation on this error, please visit: http://seleniumhq.org/exceptions/no_such_element.html
Build info: version: '3.1.0', revision: '86a5d70', time: '2017-02-16 07:57:44 -0800'
System info: host: 'Zuras-MacBook-Air-2.local', ip: 'fe80:0:0:0:c16:3c9d:3861:a4c9%en0', os.name: 'Mac OS X', os.arch: 'x86_64', os.version: '10.12.3', java.version: '1.8.0_65'
Driver info: org.openqa.selenium.chrome.ChromeDriver
Capabilities [{applicationCacheEnabled=false, rotatable=false, mobileEmulationEnabled=false, networkConnectionEnabled=false, chrome={chromedriverVersion=2.27.440174 (e97a722caafc2d3a8b807ee115bfb307f7d2cfd9), userDataDir=/var/folders/ll/v8ycf4xd229g9sbq_1nwk18r0000gn/T/.org.chromium.Chromium.Rz8M6x}, takesHeapSnapshot=true, pageLoadStrategy=normal, databaseEnabled=false, handlesAlerts=true, hasTouchScreen=false, version=57.0.2987.133, platform=MAC, browserConnectionEnabled=false, nativeEvents=true, acceptSslCerts=true, locationContextEnabled=true, webStorageEnabled=true, browserName=chrome, takesScreenshot=true, javascriptEnabled=true, cssSelectorsEnabled=true, unexpectedAlertBehaviour=}]
Session ID: dbd91c74b5c5eb14965a5afac9f21f48
*** Element info: {Using=css selector, value=.facet-panel[data-facet="date_artifact_lower_dtsi"] header}
10:05:10.632 INFO - Executing: [find elements: By.cssSelector: .facet-panel[data-facet="date_artifact_lower_dtsi"] input])
10:05:10.659 INFO - Done: [find elements: By.cssSelector: .facet-panel[data-facet="date_artifact_lower_dtsi"] input]
10:05:10.877 INFO - Executing: [find element: By.cssSelector: .facet-panel[data-facet="date_artifact_lower_dtsi"] input])
10:05:10.947 INFO - Executing: [take screenshot])
10:05:11.167 INFO - Executing: [find elements: By.cssSelector: .facet-panel[data-facet="date_artifact_lower_dtsi"] input])
10:05:11.221 WARN - Exception thrown
org.openqa.selenium.NoSuchElementException: no such element: Unable to locate element: {"method":"css selector","selector":".facet-panel[data-facet="date_artifact_lower_dtsi"] input"}
  (Session info: chrome=57.0.2987.133)
  (Driver info: chromedriver=2.27.440174 (e97a722caafc2d3a8b807ee115bfb307f7d2cfd9),platform=Mac OS X 10.12.3 x86_64) (WARNING: The server did not provide any stacktrace information)
Command duration or timeout: 37 milliseconds
For documentation on this error, please visit: http://seleniumhq.org/exceptions/no_such_element.html
Build info: version: '3.1.0', revision: '86a5d70', time: '2017-02-16 07:57:44 -0800'
System info: host: 'Zuras-MacBook-Air-2.local', ip: 'fe80:0:0:0:c16:3c9d:3861:a4c9%en0', os.name: 'Mac OS X', os.arch: 'x86_64', os.version: '10.12.3', java.version: '1.8.0_65'
Driver info: org.openqa.selenium.chrome.ChromeDriver
Capabilities [{applicationCacheEnabled=false, rotatable=false, mobileEmulationEnabled=false, networkConnectionEnabled=false, chrome={chromedriverVersion=2.27.440174 (e97a722caafc2d3a8b807ee115bfb307f7d2cfd9), userDataDir=/var/folders/ll/v8ycf4xd229g9sbq_1nwk18r0000gn/T/.org.chromium.Chromium.Rz8M6x}, takesHeapSnapshot=true, pageLoadStrategy=normal, databaseEnabled=false, handlesAlerts=true, hasTouchScreen=false, version=57.0.2987.133, platform=MAC, browserConnectionEnabled=false, nativeEvents=true, acceptSslCerts=true, locationContextEnabled=true, webStorageEnabled=true, browserName=chrome, takesScreenshot=true, javascriptEnabled=true, cssSelectorsEnabled=true, unexpectedAlertBehaviour=}]
Session ID: dbd91c74b5c5eb14965a5afac9f21f48
*** Element info: {Using=css selector, value=.facet-panel[data-facet="date_artifact_lower_dtsi"] input}
	at sun.reflect.NativeConstructorAccessorImpl.newInstance0(Native Method)
	at sun.reflect.NativeConstructorAccessorImpl.newInstance(NativeConstructorAccessorImpl.java:62)
	at sun.reflect.DelegatingConstructorAccessorImpl.newInstance(DelegatingConstructorAccessorImpl.java:45)
	at java.lang.reflect.Constructor.newInstance(Constructor.java:422)
	at org.openqa.selenium.remote.ErrorHandler.createThrowable(ErrorHandler.java:216)
	at org.openqa.selenium.remote.ErrorHandler.throwIfResponseFailed(ErrorHandler.java:168)
	at org.openqa.selenium.remote.RemoteWebDriver.execute(RemoteWebDriver.java:635)
	at org.openqa.selenium.remote.RemoteWebDriver.findElement(RemoteWebDriver.java:368)
	at org.openqa.selenium.remote.RemoteWebDriver.findElementByCssSelector(RemoteWebDriver.java:465)
	at org.openqa.selenium.By$ByCssSelector.findElement(By.java:430)
	at org.openqa.selenium.remote.RemoteWebDriver.findElement(RemoteWebDriver.java:360)
	at sun.reflect.NativeMethodAccessorImpl.invoke0(Native Method)
	at sun.reflect.NativeMethodAccessorImpl.invoke(NativeMethodAccessorImpl.java:62)
	at sun.reflect.DelegatingMethodAccessorImpl.invoke(DelegatingMethodAccessorImpl.java:43)
	at java.lang.reflect.Method.invoke(Method.java:497)
	at org.openqa.selenium.support.events.EventFiringWebDriver$2.invoke(EventFiringWebDriver.java:104)
	at com.sun.proxy.$Proxy4.findElement(Unknown Source)
	at org.openqa.selenium.support.events.EventFiringWebDriver.findElement(EventFiringWebDriver.java:188)
	at org.openqa.selenium.remote.server.handler.FindElement.call(FindElement.java:48)
	at org.openqa.selenium.remote.server.handler.FindElement.call(FindElement.java:33)
	at java.util.concurrent.FutureTask.run(FutureTask.java:266)
	at org.openqa.selenium.remote.server.DefaultSession$1.run(DefaultSession.java:176)
	at java.util.concurrent.ThreadPoolExecutor.runWorker(ThreadPoolExecutor.java:1142)
	at java.util.concurrent.ThreadPoolExecutor$Worker.run(ThreadPoolExecutor.java:617)
	at java.lang.Thread.run(Thread.java:745)
10:05:11.222 WARN - Exception: no such element: Unable to locate element: {"method":"css selector","selector":".facet-panel[data-facet="date_artifact_lower_dtsi"] input"}
  (Session info: chrome=57.0.2987.133)
  (Driver info: chromedriver=2.27.440174 (e97a722caafc2d3a8b807ee115bfb307f7d2cfd9),platform=Mac OS X 10.12.3 x86_64) (WARNING: The server did not provide any stacktrace information)
Command duration or timeout: 37 milliseconds
For documentation on this error, please visit: http://seleniumhq.org/exceptions/no_such_element.html
Build info: version: '3.1.0', revision: '86a5d70', time: '2017-02-16 07:57:44 -0800'
System info: host: 'Zuras-MacBook-Air-2.local', ip: 'fe80:0:0:0:c16:3c9d:3861:a4c9%en0', os.name: 'Mac OS X', os.arch: 'x86_64', os.version: '10.12.3', java.version: '1.8.0_65'
Driver info: org.openqa.selenium.chrome.ChromeDriver
Capabilities [{applicationCacheEnabled=false, rotatable=false, mobileEmulationEnabled=false, networkConnectionEnabled=false, chrome={chromedriverVersion=2.27.440174 (e97a722caafc2d3a8b807ee115bfb307f7d2cfd9), userDataDir=/var/folders/ll/v8ycf4xd229g9sbq_1nwk18r0000gn/T/.org.chromium.Chromium.Rz8M6x}, takesHeapSnapshot=true, pageLoadStrategy=normal, databaseEnabled=false, handlesAlerts=true, hasTouchScreen=false, version=57.0.2987.133, platform=MAC, browserConnectionEnabled=false, nativeEvents=true, acceptSslCerts=true, locationContextEnabled=true, webStorageEnabled=true, browserName=chrome, takesScreenshot=true, javascriptEnabled=true, cssSelectorsEnabled=true, unexpectedAlertBehaviour=}]
Session ID: dbd91c74b5c5eb14965a5afac9f21f48
*** Element info: {Using=css selector, value=.facet-panel[data-facet="date_artifact_lower_dtsi"] input}
10:05:21.320 WARN - Exception thrown
org.openqa.selenium.WebDriverException: unknown error: cannot get automation extension
from unknown error: page could not be found: chrome-extension://aapnijgdinlhnhlmodcfapnahmbfebeb/_generated_background_page.html
  (Session info: chrome=57.0.2987.133)
  (Driver info: chromedriver=2.27.440174 (e97a722caafc2d3a8b807ee115bfb307f7d2cfd9),platform=Mac OS X 10.12.3 x86_64) (WARNING: The server did not provide any stacktrace information)
Command duration or timeout: 10.10 seconds
Build info: version: '3.1.0', revision: '86a5d70', time: '2017-02-16 07:57:44 -0800'
System info: host: 'Zuras-MacBook-Air-2.local', ip: 'fe80:0:0:0:c16:3c9d:3861:a4c9%en0', os.name: 'Mac OS X', os.arch: 'x86_64', os.version: '10.12.3', java.version: '1.8.0_65'
Driver info: org.openqa.selenium.chrome.ChromeDriver
Capabilities [{applicationCacheEnabled=false, rotatable=false, mobileEmulationEnabled=false, networkConnectionEnabled=false, chrome={chromedriverVersion=2.27.440174 (e97a722caafc2d3a8b807ee115bfb307f7d2cfd9), userDataDir=/var/folders/ll/v8ycf4xd229g9sbq_1nwk18r0000gn/T/.org.chromium.Chromium.Rz8M6x}, takesHeapSnapshot=true, pageLoadStrategy=normal, databaseEnabled=false, handlesAlerts=true, hasTouchScreen=false, version=57.0.2987.133, platform=MAC, browserConnectionEnabled=false, nativeEvents=true, acceptSslCerts=true, locationContextEnabled=true, webStorageEnabled=true, browserName=chrome, takesScreenshot=true, javascriptEnabled=true, cssSelectorsEnabled=true, unexpectedAlertBehaviour=}]
Session ID: dbd91c74b5c5eb14965a5afac9f21f48
	at sun.reflect.NativeConstructorAccessorImpl.newInstance0(Native Method)
	at sun.reflect.NativeConstructorAccessorImpl.newInstance(NativeConstructorAccessorImpl.java:62)
	at sun.reflect.DelegatingConstructorAccessorImpl.newInstance(DelegatingConstructorAccessorImpl.java:45)
	at java.lang.reflect.Constructor.newInstance(Constructor.java:422)
	at org.openqa.selenium.remote.ErrorHandler.createThrowable(ErrorHandler.java:216)
	at org.openqa.selenium.remote.ErrorHandler.throwIfResponseFailed(ErrorHandler.java:168)
	at org.openqa.selenium.remote.RemoteWebDriver.execute(RemoteWebDriver.java:635)
	at org.openqa.selenium.remote.RemoteWebDriver.execute(RemoteWebDriver.java:658)
	at org.openqa.selenium.remote.RemoteWebDriver.getScreenshotAs(RemoteWebDriver.java:340)
	at org.openqa.selenium.remote.server.handler.CaptureScreenshot.call(CaptureScreenshot.java:36)
	at org.openqa.selenium.remote.server.handler.CaptureScreenshot.call(CaptureScreenshot.java:26)
	at java.util.concurrent.FutureTask.run(FutureTask.java:266)
	at org.openqa.selenium.remote.server.DefaultSession$1.run(DefaultSession.java:176)
	at java.util.concurrent.ThreadPoolExecutor.runWorker(ThreadPoolExecutor.java:1142)
	at java.util.concurrent.ThreadPoolExecutor$Worker.run(ThreadPoolExecutor.java:617)
	at java.lang.Thread.run(Thread.java:745)
10:05:21.321 WARN - Exception: unknown error: cannot get automation extension
from unknown error: page could not be found: chrome-extension://aapnijgdinlhnhlmodcfapnahmbfebeb/_generated_background_page.html
  (Session info: chrome=57.0.2987.133)
  (Driver info: chromedriver=2.27.440174 (e97a722caafc2d3a8b807ee115bfb307f7d2cfd9),platform=Mac OS X 10.12.3 x86_64) (WARNING: The server did not provide any stacktrace information)
Command duration or timeout: 10.10 seconds
Build info: version: '3.1.0', revision: '86a5d70', time: '2017-02-16 07:57:44 -0800'
System info: host: 'Zuras-MacBook-Air-2.local', ip: 'fe80:0:0:0:c16:3c9d:3861:a4c9%en0', os.name: 'Mac OS X', os.arch: 'x86_64', os.version: '10.12.3', java.version: '1.8.0_65'
Driver info: org.openqa.selenium.chrome.ChromeDriver
Capabilities [{applicationCacheEnabled=false, rotatable=false, mobileEmulationEnabled=false, networkConnectionEnabled=false, chrome={chromedriverVersion=2.27.440174 (e97a722caafc2d3a8b807ee115bfb307f7d2cfd9), userDataDir=/var/folders/ll/v8ycf4xd229g9sbq_1nwk18r0000gn/T/.org.chromium.Chromium.Rz8M6x}, takesHeapSnapshot=true, pageLoadStrategy=normal, databaseEnabled=false, handlesAlerts=true, hasTouchScreen=false, version=57.0.2987.133, platform=MAC, browserConnectionEnabled=false, nativeEvents=true, acceptSslCerts=true, locationContextEnabled=true, webStorageEnabled=true, browserName=chrome, takesScreenshot=true, javascriptEnabled=true, cssSelectorsEnabled=true, unexpectedAlertBehaviour=}]
Session ID: dbd91c74b5c5eb14965a5afac9f21f48
10:05:21.342 INFO - Done: [find elements: By.cssSelector: .facet-panel[data-facet="date_artifact_lower_dtsi"] input]
10:05:21.381 INFO - Executing: [find elements: By.cssSelector: .facet-panel[data-facet="date_artifact_upper_dtsi"]])
10:05:21.417 INFO - Done: [find elements: By.cssSelector: .facet-panel[data-facet="date_artifact_upper_dtsi"]]
10:05:21.936 INFO - Executing: [find elements: By.cssSelector: .facet-panel[data-facet="date_artifact_upper_dtsi"]])
10:05:21.947 INFO - Done: [find elements: By.cssSelector: .facet-panel[data-facet="date_artifact_upper_dtsi"]]
10:05:22.454 INFO - Executing: [find elements: By.cssSelector: .facet-panel[data-facet="date_artifact_upper_dtsi"]])
10:05:22.480 INFO - Done: [find elements: By.cssSelector: .facet-panel[data-facet="date_artifact_upper_dtsi"]]
10:05:22.990 INFO - Executing: [find elements: By.cssSelector: .facet-panel[data-facet="date_artifact_upper_dtsi"]])
10:05:23.002 INFO - Done: [find elements: By.cssSelector: .facet-panel[data-facet="date_artifact_upper_dtsi"]]
10:05:23.509 INFO - Executing: [find elements: By.cssSelector: .facet-panel[data-facet="date_artifact_upper_dtsi"]])
10:05:23.521 INFO - Done: [find elements: By.cssSelector: .facet-panel[data-facet="date_artifact_upper_dtsi"]]
10:05:24.031 INFO - Executing: [find elements: By.cssSelector: .facet-panel[data-facet="date_artifact_upper_dtsi"]])
10:05:24.045 INFO - Done: [find elements: By.cssSelector: .facet-panel[data-facet="date_artifact_upper_dtsi"]]
10:05:24.556 INFO - Executing: [find elements: By.cssSelector: .facet-panel[data-facet="date_artifact_upper_dtsi"]])
10:05:24.568 INFO - Done: [find elements: By.cssSelector: .facet-panel[data-facet="date_artifact_upper_dtsi"]]
10:05:24.573 INFO - Executing: [find element: By.cssSelector: .facet-panel[data-facet="date_artifact_upper_dtsi"] header])
10:05:25.046 WARN - Exception thrown
org.openqa.selenium.NoSuchElementException: no such element: Unable to locate element: {"method":"css selector","selector":".facet-panel[data-facet="date_artifact_upper_dtsi"] header"}
  (Session info: chrome=57.0.2987.133)
  (Driver info: chromedriver=2.27.440174 (e97a722caafc2d3a8b807ee115bfb307f7d2cfd9),platform=Mac OS X 10.12.3 x86_64) (WARNING: The server did not provide any stacktrace information)
Command duration or timeout: 31 milliseconds
For documentation on this error, please visit: http://seleniumhq.org/exceptions/no_such_element.html
Build info: version: '3.1.0', revision: '86a5d70', time: '2017-02-16 07:57:44 -0800'
System info: host: 'Zuras-MacBook-Air-2.local', ip: 'fe80:0:0:0:c16:3c9d:3861:a4c9%en0', os.name: 'Mac OS X', os.arch: 'x86_64', os.version: '10.12.3', java.version: '1.8.0_65'
Driver info: org.openqa.selenium.chrome.ChromeDriver
Capabilities [{applicationCacheEnabled=false, rotatable=false, mobileEmulationEnabled=false, networkConnectionEnabled=false, chrome={chromedriverVersion=2.27.440174 (e97a722caafc2d3a8b807ee115bfb307f7d2cfd9), userDataDir=/var/folders/ll/v8ycf4xd229g9sbq_1nwk18r0000gn/T/.org.chromium.Chromium.Rz8M6x}, takesHeapSnapshot=true, pageLoadStrategy=normal, databaseEnabled=false, handlesAlerts=true, hasTouchScreen=false, version=57.0.2987.133, platform=MAC, browserConnectionEnabled=false, nativeEvents=true, acceptSslCerts=true, locationContextEnabled=true, webStorageEnabled=true, browserName=chrome, takesScreenshot=true, javascriptEnabled=true, cssSelectorsEnabled=true, unexpectedAlertBehaviour=}]
Session ID: dbd91c74b5c5eb14965a5afac9f21f48
*** Element info: {Using=css selector, value=.facet-panel[data-facet="date_artifact_upper_dtsi"] header}
	at sun.reflect.NativeConstructorAccessorImpl.newInstance0(Native Method)
	at sun.reflect.NativeConstructorAccessorImpl.newInstance(NativeConstructorAccessorImpl.java:62)
	at sun.reflect.DelegatingConstructorAccessorImpl.newInstance(DelegatingConstructorAccessorImpl.java:45)
	at java.lang.reflect.Constructor.newInstance(Constructor.java:422)
	at org.openqa.selenium.remote.ErrorHandler.createThrowable(ErrorHandler.java:216)
	at org.openqa.selenium.remote.ErrorHandler.throwIfResponseFailed(ErrorHandler.java:168)
	at org.openqa.selenium.remote.RemoteWebDriver.execute(RemoteWebDriver.java:635)
	at org.openqa.selenium.remote.RemoteWebDriver.findElement(RemoteWebDriver.java:368)
	at org.openqa.selenium.remote.RemoteWebDriver.findElementByCssSelector(RemoteWebDriver.java:465)
	at org.openqa.selenium.By$ByCssSelector.findElement(By.java:430)
	at org.openqa.selenium.remote.RemoteWebDriver.findElement(RemoteWebDriver.java:360)
	at sun.reflect.NativeMethodAccessorImpl.invoke0(Native Method)
	at sun.reflect.NativeMethodAccessorImpl.invoke(NativeMethodAccessorImpl.java:62)
	at sun.reflect.DelegatingMethodAccessorImpl.invoke(DelegatingMethodAccessorImpl.java:43)
	at java.lang.reflect.Method.invoke(Method.java:497)
	at org.openqa.selenium.support.events.EventFiringWebDriver$2.invoke(EventFiringWebDriver.java:104)
	at com.sun.proxy.$Proxy4.findElement(Unknown Source)
	at org.openqa.selenium.support.events.EventFiringWebDriver.findElement(EventFiringWebDriver.java:188)
	at org.openqa.selenium.remote.server.handler.FindElement.call(FindElement.java:48)
	at org.openqa.selenium.remote.server.handler.FindElement.call(FindElement.java:33)
	at java.util.concurrent.FutureTask.run(FutureTask.java:266)
	at org.openqa.selenium.remote.server.DefaultSession$1.run(DefaultSession.java:176)
	at java.util.concurrent.ThreadPoolExecutor.runWorker(ThreadPoolExecutor.java:1142)
	at java.util.concurrent.ThreadPoolExecutor$Worker.run(ThreadPoolExecutor.java:617)
	at java.lang.Thread.run(Thread.java:745)
10:05:25.047 WARN - Exception: no such element: Unable to locate element: {"method":"css selector","selector":".facet-panel[data-facet="date_artifact_upper_dtsi"] header"}
  (Session info: chrome=57.0.2987.133)
  (Driver info: chromedriver=2.27.440174 (e97a722caafc2d3a8b807ee115bfb307f7d2cfd9),platform=Mac OS X 10.12.3 x86_64) (WARNING: The server did not provide any stacktrace information)
Command duration or timeout: 31 milliseconds
For documentation on this error, please visit: http://seleniumhq.org/exceptions/no_such_element.html
Build info: version: '3.1.0', revision: '86a5d70', time: '2017-02-16 07:57:44 -0800'
System info: host: 'Zuras-MacBook-Air-2.local', ip: 'fe80:0:0:0:c16:3c9d:3861:a4c9%en0', os.name: 'Mac OS X', os.arch: 'x86_64', os.version: '10.12.3', java.version: '1.8.0_65'
Driver info: org.openqa.selenium.chrome.ChromeDriver
Capabilities [{applicationCacheEnabled=false, rotatable=false, mobileEmulationEnabled=false, networkConnectionEnabled=false, chrome={chromedriverVersion=2.27.440174 (e97a722caafc2d3a8b807ee115bfb307f7d2cfd9), userDataDir=/var/folders/ll/v8ycf4xd229g9sbq_1nwk18r0000gn/T/.org.chromium.Chromium.Rz8M6x}, takesHeapSnapshot=true, pageLoadStrategy=normal, databaseEnabled=false, handlesAlerts=true, hasTouchScreen=false, version=57.0.2987.133, platform=MAC, browserConnectionEnabled=false, nativeEvents=true, acceptSslCerts=true, locationContextEnabled=true, webStorageEnabled=true, browserName=chrome, takesScreenshot=true, javascriptEnabled=true, cssSelectorsEnabled=true, unexpectedAlertBehaviour=}]
Session ID: dbd91c74b5c5eb14965a5afac9f21f48
*** Element info: {Using=css selector, value=.facet-panel[data-facet="date_artifact_upper_dtsi"] header}
10:05:25.258 INFO - Executing: [find elements: By.cssSelector: .facet-panel[data-facet="date_artifact_upper_dtsi"] input])
10:05:25.285 INFO - Done: [find elements: By.cssSelector: .facet-panel[data-facet="date_artifact_upper_dtsi"] input]
10:05:25.792 INFO - Executing: [find elements: By.cssSelector: .facet-panel[data-facet="date_artifact_upper_dtsi"] input])
10:05:25.803 INFO - Done: [find elements: By.cssSelector: .facet-panel[data-facet="date_artifact_upper_dtsi"] input]
10:05:26.310 INFO - Executing: [find elements: By.cssSelector: .facet-panel[data-facet="date_artifact_upper_dtsi"] input])
10:05:26.321 INFO - Done: [find elements: By.cssSelector: .facet-panel[data-facet="date_artifact_upper_dtsi"] input]
10:05:26.827 INFO - Executing: [find elements: By.cssSelector: .facet-panel[data-facet="date_artifact_upper_dtsi"] input])
10:05:26.838 INFO - Done: [find elements: By.cssSelector: .facet-panel[data-facet="date_artifact_upper_dtsi"] input]
10:05:27.348 INFO - Executing: [find elements: By.cssSelector: .facet-panel[data-facet="date_artifact_upper_dtsi"] input])
10:05:27.359 INFO - Done: [find elements: By.cssSelector: .facet-panel[data-facet="date_artifact_upper_dtsi"] input]
10:05:27.868 INFO - Executing: [find elements: By.cssSelector: .facet-panel[data-facet="date_artifact_upper_dtsi"] input])
10:05:27.878 INFO - Done: [find elements: By.cssSelector: .facet-panel[data-facet="date_artifact_upper_dtsi"] input]
10:05:28.388 INFO - Executing: [find elements: By.cssSelector: .facet-panel[data-facet="date_artifact_upper_dtsi"] input])
10:05:28.400 INFO - Done: [find elements: By.cssSelector: .facet-panel[data-facet="date_artifact_upper_dtsi"] input]
10:05:28.425 INFO - Executing: [delete session: 4d01c51c-b75a-4dac-ba94-3d8ba70b4287])
10:05:28.563 INFO - Done: [delete session: 4d01c51c-b75a-4dac-ba94-3d8ba70b4287]
